#
# A fatal error has been detected by the Java Runtime Environment:
#
#  SIGSEGV (0xb) at pc=0x000000019f787240, pid=23785, tid=29955
#
# JRE version: OpenJDK Runtime Environment JBR-11.0.11.9-1504.13-jcef (11.0.11+9) (build 11.0.11+9-b1504.13)
# Java VM: OpenJDK 64-Bit Server VM JBR-11.0.11.9-1504.13-jcef (11.0.11+9-b1504.13, mixed mode, tiered, compressed oops, g1 gc, bsd-aarch64)
# Problematic frame:
# C  [libobjc.A.dylib+0x6240]  objc_msgSend+0x20
#
# No core dump will be written. Core dumps have been disabled. To enable core dumping, try "ulimit -c unlimited" before starting Java again
#
# If you would like to submit a bug report, please visit:
#   https://bugreport.java.com/bugreport/crash.jsp
# The crash happened outside the Java Virtual Machine in native code.
# See problematic frame for where to report the bug.
#

---------------  S U M M A R Y ------------

Command Line: -Djava.library.path=. -javaagent:/Applications/IntelliJ IDEA.app/Contents/lib/idea_rt.jar=56691:/Applications/IntelliJ IDEA.app/Contents/bin -Dfile.encoding=UTF-8 com.sarahisweird.rubybot.MainKt

Host: MacBookAir10,1 arm64 1 MHz, 8 cores, 8G, Darwin 20.6.0
Time: Sat Sep  4 19:21:30 2021 CEST elapsed time: 5.063891 seconds (0d 0h 0m 5s)

---------------  T H R E A D  ---------------

Current thread (0x000000014100a800):  JavaThread "Thread-13" daemon [_thread_in_native, id=29955, stack(0x0000000174334000,0x0000000174537000)]

Stack: [0x0000000174334000,0x0000000174537000],  sp=0x0000000174536640,  free space=2057k
Native frames: (J=compiled Java code, A=aot compiled Java code, j=interpreted, Vv=VM code, C=native code)
C  [libobjc.A.dylib+0x6240]  objc_msgSend+0x20
C  [CoreGraphics+0x66af4]  image_finalize+0x64
C  [CoreFoundation+0x15add0]  _CFRelease+0xf8
C  [libJNIKeyPress.dylib+0x3db0]  Java_com_sarahisweird_rubybot_jni_JNIKeyPress_getDisplayContent+0x17c
j  com.sarahisweird.rubybot.jni.JNIKeyPress.getDisplayContent(I)[B+0
j  com.sarahisweird.rubybot.CommandsKt$rubyCommands$1$2$1$1.invoke()V+9
j  com.sarahisweird.rubybot.CommandsKt$rubyCommands$1$2$1$1.invoke()Ljava/lang/Object;+1
j  kotlin.concurrent.ThreadsKt$thread$thread$1.run()V+4
v  ~StubRoutines::call_stub
V  [libjvm.dylib+0x31c1fc]  _ZN9JavaCalls11call_helperEP9JavaValueRK12methodHandleP17JavaCallArgumentsP6Thread+0x2e0
V  [libjvm.dylib+0x31b55c]  _ZN9JavaCalls12call_virtualEP9JavaValueP5KlassP6SymbolS5_P17JavaCallArgumentsP6Thread+0xec
V  [libjvm.dylib+0x31b624]  _ZN9JavaCalls12call_virtualEP9JavaValue6HandleP5KlassP6SymbolS6_P6Thread+0x64
V  [libjvm.dylib+0x3aeabc]  _ZL12thread_entryP10JavaThreadP6Thread+0x78
V  [libjvm.dylib+0x6664a0]  _ZN10JavaThread17thread_main_innerEv+0x80
V  [libjvm.dylib+0x6662cc]  _ZN10JavaThread3runEv+0x17c
V  [libjvm.dylib+0x663fec]  _ZN6Thread8call_runEv+0x78
V  [libjvm.dylib+0x5697ac]  _ZL19thread_native_entryP6Thread+0x13c
C  [libsystem_pthread.dylib+0x7878]  _pthread_start+0x140

Java frames: (J=compiled Java code, j=interpreted, Vv=VM code)
j  com.sarahisweird.rubybot.jni.JNIKeyPress.getDisplayContent(I)[B+0
j  com.sarahisweird.rubybot.CommandsKt$rubyCommands$1$2$1$1.invoke()V+9
j  com.sarahisweird.rubybot.CommandsKt$rubyCommands$1$2$1$1.invoke()Ljava/lang/Object;+1
j  kotlin.concurrent.ThreadsKt$thread$thread$1.run()V+4
v  ~StubRoutines::call_stub

siginfo: si_signo: 11 (SIGSEGV), si_code: 2 (SEGV_ACCERR), si_addr: 0x0000000000000010

Register to memory mapping:

 x0=0x000000013ee86d20 points into unknown readable memory: 0x4000000000000000 | 00 00 00 00 00 00 00 40
 x1=0x00000001f80bf37f: GCC_except_table770+0x589057bb in /usr/lib/libobjc.A.dylib at 0x000000019f781000
 x2=0x00000001a4528960: __CGColorSpaceGetTypeID_block_invoke_2+0 in /System/Library/Frameworks/CoreGraphics.framework/Versions/A/CoreGraphics at 0x00000001a4526000
 x3=0x000000012ba1a520 points into unknown readable memory: 0x4d55545a00000000 | 00 00 00 00 5a 54 55 4d
 x4=0x000000012ba1a580 points into unknown readable memory: 0x000000012ba1a550 | 50 a5 a1 2b 01 00 00 00
 x5=0x00000001745367f0 is pointing into the stack for thread: 0x000000014100a800
 x6=0x000000000000000a is an unknown value
 x7=0x0 is NULL
 x8=0x00000001f80bf000: GCC_except_table770+0x5890543c in /usr/lib/libobjc.A.dylib at 0x000000019f781000
 x9=0x00000002ecf71c78 is an unknown value
x10=0x6ae100013ee86d20 is an unknown value
x11=0x007ffffffffffff8 is an unknown value
x12=0x0000000000000002 is an unknown value
x13=0x4000000000000000 is an unknown value
x14=0x00000000fa2a5a09 is an unknown value
x15=0x0 is NULL
x16=0x0 is NULL
x17=0x000000020ae4c9e0: _OBJC_$_CATEGORY_NSObject_$_NSKindOfAdditions+0xe60 in /System/Library/Frameworks/CoreFoundation.framework/Versions/A/CoreFoundation at 0x000000019f96a000
x18=0x0 is NULL
x19=0x000000013ee86d20 points into unknown readable memory: 0x4000000000000000 | 00 00 00 00 00 00 00 40
x20=0x0000000000000117 is an unknown value
x21=0xffffffffffffffff is an unknown value
x22=0x00000001feb42000: __last_exception_backtrace__+0x1cd0 in /System/Library/Frameworks/CoreFoundation.framework/Versions/A/CoreFoundation at 0x000000019f96a000
x23=0x0000000100011780 is an unknown value
x24=0x000000020a71a7e0: __CFRuntimeClassTable+0 in /System/Library/Frameworks/CoreFoundation.framework/Versions/A/CoreFoundation at 0x000000019f96a000
x25=0x0000000100000000 is an unknown value
x26=0xffffffff00000000 is an unknown value
x27=0x0 is NULL
x28=0x000000014100a800 is a thread


Registers:
 x0=0x000000013ee86d20  x1=0x00000001f80bf37f  x2=0x00000001a4528960  x3=0x000000012ba1a520
 x4=0x000000012ba1a580  x5=0x00000001745367f0  x6=0x000000000000000a  x7=0x0000000000000000
 x8=0x00000001f80bf000  x9=0x00000002ecf71c78 x10=0x6ae100013ee86d20 x11=0x007ffffffffffff8
x12=0x0000000000000002 x13=0x4000000000000000 x14=0x00000000fa2a5a09 x15=0x0000000000000000
x16=0x0000000000000000 x17=0x000000020ae4c9e0 x18=0x0000000000000000 x19=0x000000013ee86d20
x20=0x0000000000000117 x21=0xffffffffffffffff x22=0x00000001feb42000 x23=0x0000000100011780
x24=0x000000020a71a7e0 x25=0x0000000100000000 x26=0xffffffff00000000 x27=0x0000000000000000
x28=0x000000014100a800  fp=0x0000000174536650  lr=0x00000001a452f428  sp=0x0000000174536640
pc=0x000000019f787240 cpsr=0x0000000020001000
Top of Stack: (sp=0x0000000174536640)
0x0000000174536640:   0000000000000117 000000013ee86b90
0x0000000174536650:   0000000174536670 44718001a458caf4
0x0000000174536660:   0000000000000117 000000013ee86b90
0x0000000174536670:   00000001745367e0 2a2780019fac4dd0
0x0000000174536680:   0000000100764080 0000000000000141
0x0000000174536690:   00000001745366d0 327680019f90bcf4
0x00000001745366a0:   00000001745367f0 000000020ad3e028
0x00000001745366b0:   0000000000000000 0000000105053e28
0x00000001745366c0:   0000000174536860 00000001089c503c
0x00000001745366d0:   00000001745367d0 045c80019f90bc14
0x00000001745366e0:   0000000174536740 0000000104d043a4
0x00000001745366f0:   40a6800000000000 409c200000000000
0x0000000174536700:   409c200000000000 0000000000000000
0x0000000174536710:   0000000000000000 0000000000000000
0x0000000174536720:   7fffffffffffffff 7fffffffffffffff
0x0000000174536730:   ff02011eff02011d ff02021fff02011f
0x0000000174536740:   ff02021eff03021e ff02011eff02011d
0x0000000174536750:   0000041000000410 0000000000000000
0x0000000174536760:   efffffffefffffff 0000000000000000
0x0000000174536770:   0000000174536790 2f0300019f7f9934
0x0000000174536780:   00000001745370ac 6dfd59d082d00072
0x0000000174536790:   000000014100a800 0000000000000000
0x00000001745367a0:   000000012b60c578 000000000000000a
0x00000001745367b0:   00000001745368e8 0000000174536dd0
0x00000001745367c0:   0000000000000000 0000000105053e28
0x00000001745367d0:   0000000174536860 00000001089c503c
0x00000001745367e0:   0000000174536850 fa2780010075fdb0
0x00000001745367f0:   0000000000000020 0000000000002d00
0x0000000174536800:   0000000000000020 000000013f915a80
0x0000000174536810:   00000000013c6800 0000000138000000
0x0000000174536820:   000000013ee86f40 000000013ee86d20
0x0000000174536830:   000000013ee86b90 00000001000000b6 

Instructions: (pc=0x000000019f787240)
0x000000019f787140:   121d7108 8b140108 f100411f 52800209
0x000000019f787150:   9a898101 17ffffe3 aa1303e1 52800022
0x000000019f787160:   a9427bfd a9414ff4 a8c357f6 d50323ff
0x000000019f787170:   ca1e07c9 b6f00049 d4388e20 1400173e
0x000000019f787180:   f100041f 540003eb f9400008 927dad09
0x000000019f787190:   f940112a 3610022a 36000308 d2e02009
0x000000019f7871a0:   d377fd0a b40002ea ab09010b 54000122
0x000000019f7871b0:   aa0803ea c8aa7c0b eb08015f 54000220
0x000000019f7871c0:   aa0a03e8 3707feea 52800001 14008b5d
0x000000019f7871d0:   52800001 14001aa8 360800aa 79c03928
0x000000019f7871e0:   36f80068 3940a128 370800e8 d02c49a8
0x000000019f7871f0:   9106d901 1400000b 39407128 3617fe68
0x000000019f787200:   d65f03c0 d035ac68 f9438d01 d61f083f
0x000000019f787210:   00000000 00000000 00000000 00000000
0x000000019f787220:   f100001f 540003cd f940000d 927dcdb0
0x000000019f787230:   aa0003ea f2ed5c2a dac11950 aa1003ef
0x000000019f787240:   f9400a0a d370fd4b 9240bd4a 0a0b002c
0x000000019f787250:   8b0c114d a8ff25b1 eb01013f 54000081
0x000000019f787260:   ca01014a ca10014a d71f0e2a b40014a9
0x000000019f787270:   eb0a01bf 54ffff02 8b2b514d 8b0c114c
0x000000019f787280:   a8ff25b1 eb01013f 54fffec0 f100013f
0x000000019f787290:   fa4c11a0 54ffff68 1400009a 54000120
0x000000019f7872a0:   9240080a 9377fc0b f1001d5f 9a8a016c
0x000000019f7872b0:   d035ac6a 9117814a f86c7950 17ffffe0
0x000000019f7872c0:   d2800001 2f00e400 2f00e401 2f00e402
0x000000019f7872d0:   2f00e403 d65f03c0 d503201f d503201f
0x000000019f7872e0:   f100001f 5400046d f940000d 927dcdb0
0x000000019f7872f0:   aa0003ea f2ed5c2a dac11950 aa1003ef
0x000000019f787300:   f9400a0a d370fd4b 9240bd4a 0a0b002c
0x000000019f787310:   8b0c114d a8ff25b1 eb01013f 54000121
0x000000019f787320:   ca01014a ca10014a dac11551 f940023f
0x000000019f787330:   dac123f1 eb0f021f 9a900610 d65f03c0 


Stack slot to memory mapping:
stack at sp + 0 slots: 0x0000000000000117 is an unknown value
stack at sp + 1 slots: 0x000000013ee86b90 points into unknown readable memory: 0x010000020a718cf1 | f1 8c 71 0a 02 00 00 01
stack at sp + 2 slots: 0x0000000174536670 is pointing into the stack for thread: 0x000000014100a800
stack at sp + 3 slots: 0x44718001a458caf4: image_finalize+0x64 in /System/Library/Frameworks/CoreGraphics.framework/Versions/A/CoreGraphics at 0x00000001a4526000
stack at sp + 4 slots: 0x0000000000000117 is an unknown value
stack at sp + 5 slots: 0x000000013ee86b90 points into unknown readable memory: 0x010000020a718cf1 | f1 8c 71 0a 02 00 00 01
stack at sp + 6 slots: 0x00000001745367e0 is pointing into the stack for thread: 0x000000014100a800
stack at sp + 7 slots: 0x2a2780019fac4dd0: _CFRelease+0xf8 in /System/Library/Frameworks/CoreFoundation.framework/Versions/A/CoreFoundation at 0x000000019f96a000


---------------  P R O C E S S  ---------------

Threads class SMR info:
_java_thread_list=0x000000013fb09d00, length=25, elements={
0x000000013f00b800, 0x0000000141895800, 0x0000000141896800, 0x000000014087b800,
0x000000013f016800, 0x000000013f017000, 0x000000011f00e800, 0x000000013f018000,
0x0000000140816000, 0x00000001418a1000, 0x0000000141959000, 0x0000000141b96800,
0x000000013f141800, 0x000000014010c000, 0x000000013f396800, 0x0000000140cc2000,
0x0000000140cc3000, 0x0000000140ce2800, 0x0000000141c23000, 0x0000000141c2c800,
0x0000000141c2d800, 0x0000000141c2e800, 0x0000000140136800, 0x00000001400fb800,
0x000000014100a800
}

Java Threads: ( => current thread )
  0x000000013f00b800 JavaThread "main" [_thread_blocked, id=5891, stack(0x000000016fc84000,0x000000016fe87000)]
  0x0000000141895800 JavaThread "Reference Handler" daemon [_thread_blocked, id=14595, stack(0x0000000170ad8000,0x0000000170cdb000)]
  0x0000000141896800 JavaThread "Finalizer" daemon [_thread_blocked, id=18691, stack(0x0000000170ce4000,0x0000000170ee7000)]
  0x000000014087b800 JavaThread "Signal Dispatcher" daemon [_thread_blocked, id=16131, stack(0x0000000171008000,0x000000017120b000)]
  0x000000013f016800 JavaThread "Service Thread" daemon [_thread_blocked, id=22019, stack(0x0000000171214000,0x0000000171417000)]
  0x000000013f017000 JavaThread "C2 CompilerThread0" daemon [_thread_blocked, id=22275, stack(0x0000000171420000,0x0000000171623000)]
  0x000000011f00e800 JavaThread "C1 CompilerThread0" daemon [_thread_blocked, id=42755, stack(0x000000017162c000,0x000000017182f000)]
  0x000000013f018000 JavaThread "Sweeper thread" daemon [_thread_blocked, id=41987, stack(0x0000000171838000,0x0000000171a3b000)]
  0x0000000140816000 JavaThread "Common-Cleaner" daemon [_thread_blocked, id=41475, stack(0x0000000171a44000,0x0000000171c47000)]
  0x00000001418a1000 JavaThread "Monitor Ctrl-Break" daemon [_thread_in_native, id=40963, stack(0x0000000171c50000,0x0000000171e53000)]
  0x0000000141959000 JavaThread "ktor-cio-dispatcher-worker-1" daemon [_thread_in_native, id=40195, stack(0x0000000172068000,0x000000017226b000)]
  0x0000000141b96800 JavaThread "ktor-cio-dispatcher-worker-2" daemon [_thread_blocked, id=24323, stack(0x0000000172274000,0x0000000172477000)]
  0x000000013f141800 JavaThread "ktor-cio-dispatcher-worker-3" daemon [_thread_blocked, id=39171, stack(0x0000000172480000,0x0000000172683000)]
  0x000000014010c000 JavaThread "kotlinx.coroutines.DefaultExecutor" daemon [_thread_blocked, id=25347, stack(0x0000000172aa4000,0x0000000172ca7000)]
  0x000000013f396800 JavaThread "ktor-cio-dispatcher-worker-4" daemon [_thread_blocked, id=37635, stack(0x0000000172cb0000,0x0000000172eb3000)]
  0x0000000140cc2000 JavaThread "DefaultDispatcher-worker-1" daemon [_thread_blocked, id=26371, stack(0x00000001730c8000,0x00000001732cb000)]
  0x0000000140cc3000 JavaThread "DefaultDispatcher-worker-2" daemon [_thread_blocked, id=36611, stack(0x00000001732d4000,0x00000001734d7000)]
  0x0000000140ce2800 JavaThread "DefaultDispatcher-worker-3" daemon [_thread_blocked, id=36355, stack(0x00000001734e0000,0x00000001736e3000)]
  0x0000000141c23000 JavaThread "DefaultDispatcher-worker-4" daemon [_thread_blocked, id=27651, stack(0x00000001736ec000,0x00000001738ef000)]
  0x0000000141c2c800 JavaThread "DefaultDispatcher-worker-5" daemon [_thread_blocked, id=35587, stack(0x00000001738f8000,0x0000000173afb000)]
  0x0000000141c2d800 JavaThread "DefaultDispatcher-worker-6" daemon [_thread_blocked, id=28675, stack(0x0000000173b04000,0x0000000173d07000)]
  0x0000000141c2e800 JavaThread "Attach Listener" daemon [_thread_blocked, id=29187, stack(0x0000000173d10000,0x0000000173f13000)]
  0x0000000140136800 JavaThread "DefaultDispatcher-worker-7" daemon [_thread_blocked, id=34563, stack(0x0000000173f1c000,0x000000017411f000)]
  0x00000001400fb800 JavaThread "DefaultDispatcher-worker-8" daemon [_thread_blocked, id=29699, stack(0x0000000174128000,0x000000017432b000)]
=>0x000000014100a800 JavaThread "Thread-13" daemon [_thread_in_native, id=29955, stack(0x0000000174334000,0x0000000174537000)]

Other Threads:
  0x0000000140864800 VMThread "VM Thread" [stack: 0x00000001708cc000,0x0000000170acf000] [id=19459]
  0x000000013f031000 WatcherThread [stack: 0x0000000171e5c000,0x000000017205f000] [id=40451]
  0x0000000141810000 GCTaskThread "GC Thread#0" [stack: 0x000000016fe90000,0x0000000170093000] [id=21507]
  0x0000000140a74800 GCTaskThread "GC Thread#1" [stack: 0x000000017268c000,0x000000017288f000] [id=24835]
  0x0000000140be7000 GCTaskThread "GC Thread#2" [stack: 0x0000000172898000,0x0000000172a9b000] [id=38659]
  0x0000000141832800 ConcurrentGCThread "G1 Main Marker" [stack: 0x000000017009c000,0x000000017029f000] [id=12547]
  0x0000000141833000 ConcurrentGCThread "G1 Conc#0" [stack: 0x00000001702a8000,0x00000001704ab000] [id=20995]
  0x0000000140c98000 ConcurrentGCThread "G1 Conc#1" [stack: 0x0000000172ebc000,0x00000001730bf000] [id=37123]
  0x0000000141894000 ConcurrentGCThread "G1 Refine#0" [stack: 0x00000001704b4000,0x00000001706b7000] [id=13571]
  0x0000000141894800 ConcurrentGCThread "G1 Young RemSet Sampling" [stack: 0x00000001706c0000,0x00000001708c3000] [id=20483]

Threads with active compile tasks:

VM state:not at safepoint (normal execution)

VM Mutex/Monitor currently owned by a thread: None

Heap address: 0x0000000740000000, size: 2048 MB, Compressed Oops mode: Zero based, Oop shift amount: 3
Narrow klass base: 0x0000000800000000, Narrow klass shift: 0
Compressed class space size: 1073741824 Address: 0x0000000800000000

Heap:
 garbage-first heap   total 131072K, used 74055K [0x0000000740000000, 0x00000007c0000000)
  region size 1024K, 54 young (55296K), 7 survivors (7168K)
 Metaspace       used 28893K, capacity 29154K, committed 29360K, reserved 1075200K
  class space    used 2968K, capacity 3038K, committed 3072K, reserved 1048576K
Heap Regions: E=young(eden), S=young(survivor), O=old, HS=humongous(starts), HC=humongous(continues), CS=collection set, F=free, A=archive, TAMS=top-at-mark-start (previous, next)
|   0|0x0000000740000000, 0x0000000740100000, 0x0000000740100000|100%|HS|  |TAMS 0x0000000740000000, 0x0000000740000000| Complete 
|   1|0x0000000740100000, 0x0000000740200000, 0x0000000740200000|100%|HC|  |TAMS 0x0000000740100000, 0x0000000740100000| Complete 
|   2|0x0000000740200000, 0x0000000740300000, 0x0000000740300000|100%|HC|  |TAMS 0x0000000740200000, 0x0000000740200000| Complete 
|   3|0x0000000740300000, 0x0000000740400000, 0x0000000740400000|100%|HC|  |TAMS 0x0000000740300000, 0x0000000740300000| Complete 
|   4|0x0000000740400000, 0x0000000740500000, 0x0000000740500000|100%|HC|  |TAMS 0x0000000740400000, 0x0000000740400000| Complete 
|   5|0x0000000740500000, 0x0000000740600000, 0x0000000740600000|100%|HC|  |TAMS 0x0000000740500000, 0x0000000740500000| Complete 
|   6|0x0000000740600000, 0x0000000740700000, 0x0000000740700000|100%|HC|  |TAMS 0x0000000740600000, 0x0000000740600000| Complete 
|   7|0x0000000740700000, 0x0000000740800000, 0x0000000740800000|100%|HC|  |TAMS 0x0000000740700000, 0x0000000740700000| Complete 
|   8|0x0000000740800000, 0x0000000740900000, 0x0000000740900000|100%|HC|  |TAMS 0x0000000740800000, 0x0000000740800000| Complete 
|   9|0x0000000740900000, 0x0000000740a00000, 0x0000000740a00000|100%|HC|  |TAMS 0x0000000740900000, 0x0000000740900000| Complete 
|  10|0x0000000740a00000, 0x0000000740b00000, 0x0000000740b00000|100%|HC|  |TAMS 0x0000000740a00000, 0x0000000740a00000| Complete 
|  11|0x0000000740b00000, 0x0000000740c00000, 0x0000000740c00000|100%|HC|  |TAMS 0x0000000740b00000, 0x0000000740b00000| Complete 
|  12|0x0000000740c00000, 0x0000000740d00000, 0x0000000740d00000|100%|HC|  |TAMS 0x0000000740c00000, 0x0000000740c00000| Complete 
|  13|0x0000000740d00000, 0x0000000740e00000, 0x0000000740e00000|100%|HC|  |TAMS 0x0000000740d00000, 0x0000000740d00000| Complete 
|  14|0x0000000740e00000, 0x0000000740f00000, 0x0000000740f00000|100%|HC|  |TAMS 0x0000000740e00000, 0x0000000740e00000| Complete 
|  15|0x0000000740f00000, 0x0000000741000000, 0x0000000741000000|100%|HC|  |TAMS 0x0000000740f00000, 0x0000000740f00000| Complete 
|  16|0x0000000741000000, 0x0000000741100000, 0x0000000741100000|100%|HC|  |TAMS 0x0000000741000000, 0x0000000741000000| Complete 
|  17|0x0000000741100000, 0x0000000741200000, 0x0000000741200000|100%|HC|  |TAMS 0x0000000741100000, 0x0000000741100000| Complete 
|  18|0x0000000741200000, 0x0000000741300000, 0x0000000741300000|100%|HC|  |TAMS 0x0000000741200000, 0x0000000741200000| Complete 
|  19|0x0000000741300000, 0x0000000741400000, 0x0000000741400000|100%|HC|  |TAMS 0x0000000741300000, 0x0000000741300000| Complete 
|  20|0x0000000741400000, 0x0000000741400000, 0x0000000741500000|  0%| F|  |TAMS 0x0000000741400000, 0x0000000741400000| Untracked 
|  21|0x0000000741500000, 0x0000000741500000, 0x0000000741600000|  0%| F|  |TAMS 0x0000000741500000, 0x0000000741500000| Untracked 
|  22|0x0000000741600000, 0x0000000741600000, 0x0000000741700000|  0%| F|  |TAMS 0x0000000741600000, 0x0000000741600000| Untracked 
|  23|0x0000000741700000, 0x0000000741700000, 0x0000000741800000|  0%| F|  |TAMS 0x0000000741700000, 0x0000000741700000| Untracked 
|  24|0x0000000741800000, 0x0000000741800000, 0x0000000741900000|  0%| F|  |TAMS 0x0000000741800000, 0x0000000741800000| Untracked 
|  25|0x0000000741900000, 0x0000000741900000, 0x0000000741a00000|  0%| F|  |TAMS 0x0000000741900000, 0x0000000741900000| Untracked 
|  26|0x0000000741a00000, 0x0000000741a00000, 0x0000000741b00000|  0%| F|  |TAMS 0x0000000741a00000, 0x0000000741a00000| Untracked 
|  27|0x0000000741b00000, 0x0000000741b00000, 0x0000000741c00000|  0%| F|  |TAMS 0x0000000741b00000, 0x0000000741b00000| Untracked 
|  28|0x0000000741c00000, 0x0000000741c00000, 0x0000000741d00000|  0%| F|  |TAMS 0x0000000741c00000, 0x0000000741c00000| Untracked 
|  29|0x0000000741d00000, 0x0000000741d00000, 0x0000000741e00000|  0%| F|  |TAMS 0x0000000741d00000, 0x0000000741d00000| Untracked 
|  30|0x0000000741e00000, 0x0000000741e00000, 0x0000000741f00000|  0%| F|  |TAMS 0x0000000741e00000, 0x0000000741e00000| Untracked 
|  31|0x0000000741f00000, 0x0000000741f00000, 0x0000000742000000|  0%| F|  |TAMS 0x0000000741f00000, 0x0000000741f00000| Untracked 
|  32|0x0000000742000000, 0x0000000742000000, 0x0000000742100000|  0%| F|  |TAMS 0x0000000742000000, 0x0000000742000000| Untracked 
|  33|0x0000000742100000, 0x0000000742100000, 0x0000000742200000|  0%| F|  |TAMS 0x0000000742100000, 0x0000000742100000| Untracked 
|  34|0x0000000742200000, 0x0000000742200000, 0x0000000742300000|  0%| F|  |TAMS 0x0000000742200000, 0x0000000742200000| Untracked 
|  35|0x0000000742300000, 0x0000000742300000, 0x0000000742400000|  0%| F|  |TAMS 0x0000000742300000, 0x0000000742300000| Untracked 
|  36|0x0000000742400000, 0x0000000742400000, 0x0000000742500000|  0%| F|  |TAMS 0x0000000742400000, 0x0000000742400000| Untracked 
|  37|0x0000000742500000, 0x0000000742500000, 0x0000000742600000|  0%| F|  |TAMS 0x0000000742500000, 0x0000000742500000| Untracked 
|  38|0x0000000742600000, 0x0000000742600000, 0x0000000742700000|  0%| F|  |TAMS 0x0000000742600000, 0x0000000742600000| Untracked 
|  39|0x0000000742700000, 0x0000000742700000, 0x0000000742800000|  0%| F|  |TAMS 0x0000000742700000, 0x0000000742700000| Untracked 
|  40|0x0000000742800000, 0x0000000742800000, 0x0000000742900000|  0%| F|  |TAMS 0x0000000742800000, 0x0000000742800000| Untracked 
|  41|0x0000000742900000, 0x0000000742900000, 0x0000000742a00000|  0%| F|  |TAMS 0x0000000742900000, 0x0000000742900000| Untracked 
|  42|0x0000000742a00000, 0x0000000742a00000, 0x0000000742b00000|  0%| F|  |TAMS 0x0000000742a00000, 0x0000000742a00000| Untracked 
|  43|0x0000000742b00000, 0x0000000742b00000, 0x0000000742c00000|  0%| F|  |TAMS 0x0000000742b00000, 0x0000000742b00000| Untracked 
|  44|0x0000000742c00000, 0x0000000742c00000, 0x0000000742d00000|  0%| F|  |TAMS 0x0000000742c00000, 0x0000000742c00000| Untracked 
|  45|0x0000000742d00000, 0x0000000742d00000, 0x0000000742e00000|  0%| F|  |TAMS 0x0000000742d00000, 0x0000000742d00000| Untracked 
|  46|0x0000000742e00000, 0x0000000742e00000, 0x0000000742f00000|  0%| F|  |TAMS 0x0000000742e00000, 0x0000000742e00000| Untracked 
|  47|0x0000000742f00000, 0x0000000742f00000, 0x0000000743000000|  0%| F|  |TAMS 0x0000000742f00000, 0x0000000742f00000| Untracked 
|  48|0x0000000743000000, 0x0000000743000000, 0x0000000743100000|  0%| F|  |TAMS 0x0000000743000000, 0x0000000743000000| Untracked 
|  49|0x0000000743100000, 0x0000000743100000, 0x0000000743200000|  0%| F|  |TAMS 0x0000000743100000, 0x0000000743100000| Untracked 
|  50|0x0000000743200000, 0x0000000743200000, 0x0000000743300000|  0%| F|  |TAMS 0x0000000743200000, 0x0000000743200000| Untracked 
|  51|0x0000000743300000, 0x0000000743300000, 0x0000000743400000|  0%| F|  |TAMS 0x0000000743300000, 0x0000000743300000| Untracked 
|  52|0x0000000743400000, 0x0000000743400000, 0x0000000743500000|  0%| F|  |TAMS 0x0000000743400000, 0x0000000743400000| Untracked 
|  53|0x0000000743500000, 0x0000000743500000, 0x0000000743600000|  0%| F|  |TAMS 0x0000000743500000, 0x0000000743500000| Untracked 
|  54|0x0000000743600000, 0x0000000743600000, 0x0000000743700000|  0%| F|  |TAMS 0x0000000743600000, 0x0000000743600000| Untracked 
|  55|0x0000000743700000, 0x0000000743700000, 0x0000000743800000|  0%| F|  |TAMS 0x0000000743700000, 0x0000000743700000| Untracked 
|  56|0x0000000743800000, 0x0000000743800000, 0x0000000743900000|  0%| F|  |TAMS 0x0000000743800000, 0x0000000743800000| Untracked 
|  57|0x0000000743900000, 0x0000000743900000, 0x0000000743a00000|  0%| F|  |TAMS 0x0000000743900000, 0x0000000743900000| Untracked 
|  58|0x0000000743a00000, 0x0000000743a00000, 0x0000000743b00000|  0%| F|  |TAMS 0x0000000743a00000, 0x0000000743a00000| Untracked 
|  59|0x0000000743b00000, 0x0000000743b00000, 0x0000000743c00000|  0%| F|  |TAMS 0x0000000743b00000, 0x0000000743b00000| Untracked 
|  60|0x0000000743c00000, 0x0000000743c00000, 0x0000000743d00000|  0%| F|  |TAMS 0x0000000743c00000, 0x0000000743c00000| Untracked 
|  61|0x0000000743d00000, 0x0000000743d00000, 0x0000000743e00000|  0%| F|  |TAMS 0x0000000743d00000, 0x0000000743d00000| Untracked 
|  62|0x0000000743e00000, 0x0000000743e00000, 0x0000000743f00000|  0%| F|  |TAMS 0x0000000743e00000, 0x0000000743e00000| Untracked 
|  63|0x0000000743f00000, 0x0000000743f00000, 0x0000000744000000|  0%| F|  |TAMS 0x0000000743f00000, 0x0000000743f00000| Untracked 
|  64|0x0000000744000000, 0x0000000744000000, 0x0000000744100000|  0%| F|  |TAMS 0x0000000744000000, 0x0000000744000000| Untracked 
|  65|0x0000000744100000, 0x0000000744100000, 0x0000000744200000|  0%| F|  |TAMS 0x0000000744100000, 0x0000000744100000| Untracked 
|  66|0x0000000744200000, 0x0000000744200000, 0x0000000744300000|  0%| F|  |TAMS 0x0000000744200000, 0x0000000744200000| Untracked 
|  67|0x0000000744300000, 0x0000000744300000, 0x0000000744400000|  0%| F|  |TAMS 0x0000000744300000, 0x0000000744300000| Untracked 
|  68|0x0000000744400000, 0x0000000744400000, 0x0000000744500000|  0%| F|  |TAMS 0x0000000744400000, 0x0000000744400000| Untracked 
|  69|0x0000000744500000, 0x0000000744500000, 0x0000000744600000|  0%| F|  |TAMS 0x0000000744500000, 0x0000000744500000| Untracked 
|  70|0x0000000744600000, 0x0000000744600000, 0x0000000744700000|  0%| F|  |TAMS 0x0000000744600000, 0x0000000744600000| Untracked 
|  71|0x0000000744700000, 0x0000000744700000, 0x0000000744800000|  0%| F|  |TAMS 0x0000000744700000, 0x0000000744700000| Untracked 
|  72|0x0000000744800000, 0x0000000744800000, 0x0000000744900000|  0%| F|  |TAMS 0x0000000744800000, 0x0000000744800000| Untracked 
|  73|0x0000000744900000, 0x0000000744900000, 0x0000000744a00000|  0%| F|  |TAMS 0x0000000744900000, 0x0000000744900000| Untracked 
|  74|0x0000000744a00000, 0x0000000744a9a900, 0x0000000744b00000| 60%| E|  |TAMS 0x0000000744a00000, 0x0000000744a00000| Complete 
|  75|0x0000000744b00000, 0x0000000744c00000, 0x0000000744c00000|100%| E|CS|TAMS 0x0000000744b00000, 0x0000000744b00000| Complete 
|  76|0x0000000744c00000, 0x0000000744d00000, 0x0000000744d00000|100%| E|CS|TAMS 0x0000000744c00000, 0x0000000744c00000| Complete 
|  77|0x0000000744d00000, 0x0000000744e00000, 0x0000000744e00000|100%| E|CS|TAMS 0x0000000744d00000, 0x0000000744d00000| Complete 
|  78|0x0000000744e00000, 0x0000000744f00000, 0x0000000744f00000|100%| E|CS|TAMS 0x0000000744e00000, 0x0000000744e00000| Complete 
|  79|0x0000000744f00000, 0x0000000745000000, 0x0000000745000000|100%| E|CS|TAMS 0x0000000744f00000, 0x0000000744f00000| Complete 
|  80|0x0000000745000000, 0x0000000745100000, 0x0000000745100000|100%| E|CS|TAMS 0x0000000745000000, 0x0000000745000000| Complete 
|  81|0x0000000745100000, 0x0000000745200000, 0x0000000745200000|100%| E|CS|TAMS 0x0000000745100000, 0x0000000745100000| Complete 
|  82|0x0000000745200000, 0x0000000745300000, 0x0000000745300000|100%| E|CS|TAMS 0x0000000745200000, 0x0000000745200000| Complete 
|  83|0x0000000745300000, 0x0000000745400000, 0x0000000745400000|100%| E|CS|TAMS 0x0000000745300000, 0x0000000745300000| Complete 
|  84|0x0000000745400000, 0x0000000745451cb0, 0x0000000745500000| 31%| S|CS|TAMS 0x0000000745400000, 0x0000000745400000| Complete 
|  85|0x0000000745500000, 0x0000000745600000, 0x0000000745600000|100%| S|CS|TAMS 0x0000000745500000, 0x0000000745500000| Complete 
|  86|0x0000000745600000, 0x0000000745700000, 0x0000000745700000|100%| S|CS|TAMS 0x0000000745600000, 0x0000000745600000| Complete 
|  87|0x0000000745700000, 0x0000000745800000, 0x0000000745800000|100%| S|CS|TAMS 0x0000000745700000, 0x0000000745700000| Complete 
|  88|0x0000000745800000, 0x0000000745900000, 0x0000000745900000|100%| S|CS|TAMS 0x0000000745800000, 0x0000000745800000| Complete 
|  89|0x0000000745900000, 0x0000000745a00000, 0x0000000745a00000|100%| S|CS|TAMS 0x0000000745900000, 0x0000000745900000| Complete 
|  90|0x0000000745a00000, 0x0000000745b00000, 0x0000000745b00000|100%| S|CS|TAMS 0x0000000745a00000, 0x0000000745a00000| Complete 
|  91|0x0000000745b00000, 0x0000000745c00000, 0x0000000745c00000|100%| E|CS|TAMS 0x0000000745b00000, 0x0000000745b00000| Complete 
|  92|0x0000000745c00000, 0x0000000745d00000, 0x0000000745d00000|100%| E|CS|TAMS 0x0000000745c00000, 0x0000000745c00000| Complete 
|  93|0x0000000745d00000, 0x0000000745e00000, 0x0000000745e00000|100%| E|CS|TAMS 0x0000000745d00000, 0x0000000745d00000| Complete 
|  94|0x0000000745e00000, 0x0000000745f00000, 0x0000000745f00000|100%| E|CS|TAMS 0x0000000745e00000, 0x0000000745e00000| Complete 
|  95|0x0000000745f00000, 0x0000000746000000, 0x0000000746000000|100%| E|CS|TAMS 0x0000000745f00000, 0x0000000745f00000| Complete 
|  96|0x0000000746000000, 0x0000000746100000, 0x0000000746100000|100%| E|CS|TAMS 0x0000000746000000, 0x0000000746000000| Complete 
|  97|0x0000000746100000, 0x0000000746200000, 0x0000000746200000|100%| E|CS|TAMS 0x0000000746100000, 0x0000000746100000| Complete 
|  98|0x0000000746200000, 0x0000000746300000, 0x0000000746300000|100%| E|CS|TAMS 0x0000000746200000, 0x0000000746200000| Complete 
|  99|0x0000000746300000, 0x0000000746400000, 0x0000000746400000|100%| E|CS|TAMS 0x0000000746300000, 0x0000000746300000| Complete 
| 100|0x0000000746400000, 0x0000000746500000, 0x0000000746500000|100%| E|CS|TAMS 0x0000000746400000, 0x0000000746400000| Complete 
| 101|0x0000000746500000, 0x0000000746600000, 0x0000000746600000|100%| E|CS|TAMS 0x0000000746500000, 0x0000000746500000| Complete 
| 102|0x0000000746600000, 0x0000000746700000, 0x0000000746700000|100%| E|CS|TAMS 0x0000000746600000, 0x0000000746600000| Complete 
| 103|0x0000000746700000, 0x0000000746800000, 0x0000000746800000|100%| E|CS|TAMS 0x0000000746700000, 0x0000000746700000| Complete 
| 104|0x0000000746800000, 0x0000000746900000, 0x0000000746900000|100%| E|CS|TAMS 0x0000000746800000, 0x0000000746800000| Complete 
| 105|0x0000000746900000, 0x0000000746a00000, 0x0000000746a00000|100%| E|CS|TAMS 0x0000000746900000, 0x0000000746900000| Complete 
| 106|0x0000000746a00000, 0x0000000746b00000, 0x0000000746b00000|100%| E|CS|TAMS 0x0000000746a00000, 0x0000000746a00000| Complete 
| 107|0x0000000746b00000, 0x0000000746c00000, 0x0000000746c00000|100%| E|CS|TAMS 0x0000000746b00000, 0x0000000746b00000| Complete 
| 108|0x0000000746c00000, 0x0000000746d00000, 0x0000000746d00000|100%| E|CS|TAMS 0x0000000746c00000, 0x0000000746c00000| Complete 
| 109|0x0000000746d00000, 0x0000000746e00000, 0x0000000746e00000|100%| E|CS|TAMS 0x0000000746d00000, 0x0000000746d00000| Complete 
| 110|0x0000000746e00000, 0x0000000746f00000, 0x0000000746f00000|100%| E|CS|TAMS 0x0000000746e00000, 0x0000000746e00000| Complete 
| 111|0x0000000746f00000, 0x0000000747000000, 0x0000000747000000|100%| E|CS|TAMS 0x0000000746f00000, 0x0000000746f00000| Complete 
| 112|0x0000000747000000, 0x0000000747100000, 0x0000000747100000|100%| E|CS|TAMS 0x0000000747000000, 0x0000000747000000| Complete 
| 113|0x0000000747100000, 0x0000000747200000, 0x0000000747200000|100%| E|CS|TAMS 0x0000000747100000, 0x0000000747100000| Complete 
| 114|0x0000000747200000, 0x0000000747300000, 0x0000000747300000|100%| E|CS|TAMS 0x0000000747200000, 0x0000000747200000| Complete 
| 115|0x0000000747300000, 0x0000000747400000, 0x0000000747400000|100%| E|CS|TAMS 0x0000000747300000, 0x0000000747300000| Complete 
| 116|0x0000000747400000, 0x0000000747500000, 0x0000000747500000|100%| E|CS|TAMS 0x0000000747400000, 0x0000000747400000| Complete 
| 117|0x0000000747500000, 0x0000000747600000, 0x0000000747600000|100%| E|CS|TAMS 0x0000000747500000, 0x0000000747500000| Complete 
| 118|0x0000000747600000, 0x0000000747700000, 0x0000000747700000|100%| E|CS|TAMS 0x0000000747600000, 0x0000000747600000| Complete 
| 119|0x0000000747700000, 0x0000000747800000, 0x0000000747800000|100%| E|CS|TAMS 0x0000000747700000, 0x0000000747700000| Complete 
| 120|0x0000000747800000, 0x0000000747900000, 0x0000000747900000|100%| E|CS|TAMS 0x0000000747800000, 0x0000000747800000| Complete 
| 121|0x0000000747900000, 0x0000000747a00000, 0x0000000747a00000|100%| E|CS|TAMS 0x0000000747900000, 0x0000000747900000| Complete 
| 122|0x0000000747a00000, 0x0000000747b00000, 0x0000000747b00000|100%| E|CS|TAMS 0x0000000747a00000, 0x0000000747a00000| Complete 
| 123|0x0000000747b00000, 0x0000000747c00000, 0x0000000747c00000|100%| E|CS|TAMS 0x0000000747b00000, 0x0000000747b00000| Complete 
| 124|0x0000000747c00000, 0x0000000747d00000, 0x0000000747d00000|100%| E|CS|TAMS 0x0000000747c00000, 0x0000000747c00000| Complete 
| 125|0x0000000747d00000, 0x0000000747e00000, 0x0000000747e00000|100%| E|CS|TAMS 0x0000000747d00000, 0x0000000747d00000| Complete 
| 126|0x0000000747e00000, 0x0000000747f00000, 0x0000000747f00000|100%| E|CS|TAMS 0x0000000747e00000, 0x0000000747e00000| Complete 
| 127|0x0000000747f00000, 0x0000000748000000, 0x0000000748000000|100%| E|CS|TAMS 0x0000000747f00000, 0x0000000747f00000| Complete 

Card table byte_map: [0x0000000117dbc000,0x00000001181bc000] _byte_map_base: 0x00000001143bc000

Marking Bits (Prev, Next): (CMBitMap*) 0x0000000141829c50, (CMBitMap*) 0x0000000141829c18
 Prev Bits: [0x000000011a5bc000, 0x000000011c5bc000)
 Next Bits: [0x00000001185bc000, 0x000000011a5bc000)

Polling page: 0x00000001002ec000

Metaspace:

Usage:
  Non-class:     25.50 MB capacity,    25.32 MB (>99%) used,   157.90 KB ( <1%) free+waste,    33.00 KB ( <1%) overhead. 
      Class:      2.97 MB capacity,     2.90 MB ( 98%) used,    57.13 KB (  2%) free+waste,    12.12 KB ( <1%) overhead. 
       Both:     28.47 MB capacity,    28.22 MB (>99%) used,   215.03 KB ( <1%) free+waste,    45.12 KB ( <1%) overhead. 

Virtual space:
  Non-class space:       26.00 MB reserved,      25.67 MB ( 99%) committed 
      Class space:        1.00 GB reserved,       3.00 MB ( <1%) committed 
             Both:        1.03 GB reserved,      28.67 MB (  3%) committed 

Chunk freelists:
   Non-Class:  44.00 KB
       Class:  2.00 KB
        Both:  46.00 KB

MaxMetaspaceSize: unlimited
CompressedClassSpaceSize: 1.00 GB

CodeHeap 'non-profiled nmethods': size=120032Kb used=932Kb max_used=932Kb free=119099Kb
 bounds [0x0000000110484000, 0x00000001106f4000, 0x00000001179bc000]
CodeHeap 'profiled nmethods': size=120016Kb used=4593Kb max_used=4593Kb free=115422Kb
 bounds [0x0000000108f50000, 0x00000001093d0000, 0x0000000110484000]
CodeHeap 'non-nmethods': size=5712Kb used=1104Kb max_used=1183Kb free=4607Kb
 bounds [0x00000001089bc000, 0x0000000108c2c000, 0x0000000108f50000]
 total_blobs=2670 nmethods=2143 adapters=442
 compilation: enabled
              stopped_count=0, restarted_count=0
 full_count=0

Compilation events (20 events):
Event: 4.745 Thread 0x000000011f00e800 nmethod 2207 0x0000000110564090 code [0x0000000110564240, 0x0000000110564390]
Event: 4.747 Thread 0x000000013f017000 nmethod 2201 0x0000000110564410 code [0x0000000110564600, 0x00000001105648c0]
Event: 4.941 Thread 0x000000011f00e800 2209       3       io.ktor.utils.io.internal.RingBufferCapacity::isFull (13 bytes)
Event: 4.942 Thread 0x000000011f00e800 nmethod 2209 0x00000001093c5490 code [0x00000001093c5640, 0x00000001093c5810]
Event: 4.942 Thread 0x000000011f00e800 2210   !   3       io.ktor.utils.io.ByteBufferChannel::readByte (432 bytes)
Event: 4.945 Thread 0x000000013f017000 2216       4       kotlinx.coroutines.scheduling.WorkQueue::tryStealFrom (94 bytes)
Event: 4.945 Thread 0x000000011f00e800 nmethod 2210 0x00000001093c5890 code [0x00000001093c60c0, 0x00000001093c9580]
Event: 4.945 Thread 0x000000011f00e800 2215       3       io.ktor.http.cio.internals.CharsKt::hashCodeLowerCase (94 bytes)
Event: 4.946 Thread 0x000000011f00e800 nmethod 2215 0x00000001093cad90 code [0x00000001093cb040, 0x00000001093cb980]
Event: 4.946 Thread 0x000000011f00e800 2214       3       io.ktor.utils.io.core.internal.ChunkBuffer$Companion::getEmpty (10 bytes)
Event: 4.946 Thread 0x000000011f00e800 nmethod 2214 0x00000001093cbd10 code [0x00000001093cbec0, 0x00000001093cc110]
Event: 4.946 Thread 0x000000011f00e800 2212       3       kotlinx.coroutines.DispatchedTask::getSuccessfulResult$kotlinx_coroutines_core (2 bytes)
Event: 4.946 Thread 0x000000011f00e800 nmethod 2212 0x00000001093cc210 code [0x00000001093cc3c0, 0x00000001093cc550]
Event: 4.946 Thread 0x000000011f00e800 2213       1       io.ktor.network.tls.CipherSuite::getKeyStrengthInBytes (5 bytes)
Event: 4.946 Thread 0x000000011f00e800 nmethod 2213 0x0000000110564b90 code [0x0000000110564d40, 0x0000000110564e90]
Event: 4.946 Thread 0x000000011f00e800 2211       1       java.nio.channels.spi.AbstractSelector::cancelledKeys (5 bytes)
Event: 4.946 Thread 0x000000011f00e800 nmethod 2211 0x0000000110564f10 code [0x00000001105650c0, 0x0000000110565210]
Event: 4.951 Thread 0x000000013f017000 nmethod 2216 0x0000000110565290 code [0x00000001105654c0, 0x00000001105659e0]
Event: 4.951 Thread 0x000000013f017000 2217       4       java.net.URLStreamHandler::parseURL (1201 bytes)
Event: 5.033 Thread 0x000000013f017000 nmethod 2217 0x0000000110565e10 code [0x0000000110566600, 0x000000011056a490]

GC Heap History (4 events):
Event: 0.266 GC heap before
{Heap before GC invocations=0 (full 0):
 garbage-first heap   total 131072K, used 24576K [0x0000000740000000, 0x00000007c0000000)
  region size 1024K, 24 young (24576K), 0 survivors (0K)
 Metaspace       used 11768K, capacity 11880K, committed 12160K, reserved 1060864K
  class space    used 1028K, capacity 1061K, committed 1152K, reserved 1048576K
}
Event: 0.268 GC heap after
{Heap after GC invocations=1 (full 0):
 garbage-first heap   total 131072K, used 3024K [0x0000000740000000, 0x00000007c0000000)
  region size 1024K, 3 young (3072K), 3 survivors (3072K)
 Metaspace       used 11768K, capacity 11880K, committed 12160K, reserved 1060864K
  class space    used 1028K, capacity 1061K, committed 1152K, reserved 1048576K
}
Event: 0.838 GC heap before
{Heap before GC invocations=1 (full 0):
 garbage-first heap   total 131072K, used 36816K [0x0000000740000000, 0x00000007c0000000)
  region size 1024K, 37 young (37888K), 3 survivors (3072K)
 Metaspace       used 20987K, capacity 21131K, committed 21296K, reserved 1069056K
  class space    used 2035K, capacity 2092K, committed 2176K, reserved 1048576K
}
Event: 0.842 GC heap after
{Heap after GC invocations=2 (full 0):
 garbage-first heap   total 131072K, used 6471K [0x0000000740000000, 0x00000007c0000000)
  region size 1024K, 7 young (7168K), 7 survivors (7168K)
 Metaspace       used 20987K, capacity 21131K, committed 21296K, reserved 1069056K
  class space    used 2035K, capacity 2092K, committed 2176K, reserved 1048576K
}

Deoptimization events (20 events):
Event: 1.250 Thread 0x0000000141b96800 Uncommon trap: trap_request=0xffffffc6 fr.pc=0x00000001104cc774 relative=0x0000000000000374
Event: 1.250 Thread 0x0000000141b96800 Uncommon trap: reason=bimorphic_or_optimized_type_check action=maybe_recompile pc=0x00000001104cc774 method=java.util.HashMap.getNode(ILjava/lang/Object;)Ljava/util/HashMap$Node; @ 126 c2
Event: 1.250 Thread 0x0000000141b96800 DEOPT PACKING pc=0x00000001104cc774 sp=0x0000000172475820
Event: 1.250 Thread 0x0000000141b96800 DEOPT UNPACKING pc=0x00000001089ded9c sp=0x00000001724757a0 mode 2
Event: 1.465 Thread 0x000000013f141800 DEOPT PACKING pc=0x00000001092bc2ec sp=0x0000000172681f40
Event: 1.465 Thread 0x000000013f141800 DEOPT UNPACKING pc=0x00000001089debfc sp=0x0000000172681cf0 mode 0
Event: 1.490 Thread 0x0000000141c23000 DEOPT PACKING pc=0x000000010923b1f8 sp=0x00000001738ed9a0
Event: 1.490 Thread 0x0000000141c23000 DEOPT UNPACKING pc=0x00000001089debfc sp=0x00000001738ed7c0 mode 0
Event: 1.493 Thread 0x0000000140cc3000 DEOPT PACKING pc=0x0000000109194db8 sp=0x00000001734d54a0
Event: 1.493 Thread 0x0000000140cc3000 DEOPT UNPACKING pc=0x00000001089debfc sp=0x00000001734d52f0 mode 3
Event: 4.054 Thread 0x0000000141c2c800 DEOPT PACKING pc=0x000000010923b1f8 sp=0x0000000173af8aa0
Event: 4.054 Thread 0x0000000141c2c800 DEOPT UNPACKING pc=0x00000001089debfc sp=0x0000000173af88c0 mode 0
Event: 4.607 Thread 0x0000000141b96800 DEOPT PACKING pc=0x00000001091b836c sp=0x0000000172475990
Event: 4.607 Thread 0x0000000141b96800 DEOPT UNPACKING pc=0x00000001089debfc sp=0x00000001724756b0 mode 0
Event: 4.693 Thread 0x000000013f141800 Uncommon trap: trap_request=0xffffffcc fr.pc=0x000000011055faac relative=0x000000000000026c
Event: 4.693 Thread 0x000000013f141800 Uncommon trap: reason=intrinsic_or_type_checked_inlining action=make_not_entrant pc=0x000000011055faac method=java.util.Arrays.copyOf([Ljava/lang/Object;ILjava/lang/Class;)[Ljava/lang/Object; @ 35 c2
Event: 4.693 Thread 0x000000013f141800 DEOPT PACKING pc=0x000000011055faac sp=0x0000000172682190
Event: 4.693 Thread 0x000000013f141800 DEOPT UNPACKING pc=0x00000001089ded9c sp=0x0000000172682110 mode 2
Event: 4.708 Thread 0x000000013f141800 DEOPT PACKING pc=0x000000010918eda8 sp=0x0000000172681ad0
Event: 4.708 Thread 0x000000013f141800 DEOPT UNPACKING pc=0x00000001089debfc sp=0x0000000172681860 mode 0

Classes redefined (0 events):
No events

Internal exceptions (18 events):
Event: 0.059 Thread 0x000000013f00b800 Exception <a 'java/lang/NoSuchMethodError'{0x0000000747f736d8}: 'java.lang.Object java.lang.invoke.Invokers$Holder.invokeExact_MT(java.lang.Object, java.lang.Object, java.lang.Object, java.lang.Object, java.lang.Object, java.lang.Object, java.lang.Object, java.lang.Object)'> (0x0000000747f736d8) thrown at [src/hotspot/share/interpreter/linkResolver.cpp, line 773]
Event: 0.066 Thread 0x000000013f00b800 Exception <a 'java/lang/NoSuchMethodError'{0x0000000747e0b708}: 'java.lang.Object java.lang.invoke.Invokers$Holder.linkToTargetMethod(java.lang.Object)'> (0x0000000747e0b708) thrown at [src/hotspot/share/interpreter/linkResolver.cpp, line 773]
Event: 0.067 Thread 0x000000013f00b800 Exception <a 'java/lang/NoSuchMethodError'{0x0000000747e14db0}: 'java.lang.Object java.lang.invoke.Invokers$Holder.linkToTargetMethod(java.lang.Object, java.lang.Object)'> (0x0000000747e14db0) thrown at [src/hotspot/share/interpreter/linkResolver.cpp, line 773]
Event: 0.131 Thread 0x00000001418a1000 Exception <a 'java/lang/NoSuchMethodError'{0x0000000747b082a8}: 'java.lang.Object java.lang.invoke.DirectMethodHandle$Holder.invokeStaticInit(java.lang.Object)'> (0x0000000747b082a8) thrown at [src/hotspot/share/interpreter/linkResolver.cpp, line 773]
Event: 0.237 Thread 0x000000013f00b800 Exception <a 'java/lang/NoSuchMethodError'{0x0000000746c7a6f0}: 'void java.lang.invoke.DirectMethodHandle$Holder.invokeSpecial(java.lang.Object, java.lang.Object, java.lang.Object)'> (0x0000000746c7a6f0) thrown at [src/hotspot/share/interpreter/linkResolver.cpp, line 773]
Event: 0.391 Thread 0x0000000141959000 Exception <a 'java/lang/NoSuchMethodError'{0x000000074749a120}: 'java.lang.Object java.lang.invoke.DirectMethodHandle$Holder.invokeStatic(java.lang.Object, int)'> (0x000000074749a120) thrown at [src/hotspot/share/interpreter/linkResolver.cpp, line 773]
Event: 0.391 Thread 0x0000000141959000 Exception <a 'java/lang/NoSuchMethodError'{0x000000074749d5e8}: 'java.lang.Object java.lang.invoke.Invokers$Holder.linkToTargetMethod(int, java.lang.Object)'> (0x000000074749d5e8) thrown at [src/hotspot/share/interpreter/linkResolver.cpp, line 773]
Event: 0.522 Thread 0x000000013f141800 Exception <a 'java/lang/NoSuchMethodError'{0x000000074683e948}: 'int java.lang.invoke.DirectMethodHandle$Holder.invokeStatic(java.lang.Object, java.lang.Object, int)'> (0x000000074683e948) thrown at [src/hotspot/share/interpreter/linkResolver.cpp, line 773]
Event: 0.522 Thread 0x000000013f141800 Exception <a 'java/lang/NoSuchMethodError'{0x0000000746847120}: 'int java.lang.invoke.DirectMethodHandle$Holder.invokeSpecialIFC(java.lang.Object, java.lang.Object, int)'> (0x0000000746847120) thrown at [src/hotspot/share/interpreter/linkResolver.cpp, line 773]
Event: 0.900 Thread 0x000000013f00b800 Exception <a 'java/lang/ClassNotFoundException'{0x00000007474b9c08}: javax/smartcardio/CardPermission> (0x00000007474b9c08) thrown at [src/hotspot/share/classfile/systemDictionary.cpp, line 231]
Event: 0.904 Thread 0x000000013f00b800 Exception <a 'java/io/FileNotFoundException'{0x00000007474c77d0}> (0x00000007474c77d0) thrown at [src/hotspot/share/prims/jni.cpp, line 615]
Event: 0.929 Thread 0x000000013f00b800 Exception <a 'java/lang/NoSuchMethodError'{0x0000000747055a60}: 'void java.lang.invoke.DirectMethodHandle$Holder.invokeVirtual(java.lang.Object, java.lang.Object)'> (0x0000000747055a60) thrown at [src/hotspot/share/interpreter/linkResolver.cpp, line 773]
Event: 0.946 Thread 0x000000013f00b800 Exception <a 'java/lang/IncompatibleClassChangeError'{0x0000000746d31a60}: Found class java.lang.Object, but interface was expected> (0x0000000746d31a60) thrown at [src/hotspot/share/interpreter/linkResolver.cpp, line 839]
Event: 0.947 Thread 0x000000013f00b800 Exception <a 'java/lang/NoSuchMethodError'{0x0000000746d38a60}: 'int java.lang.invoke.DirectMethodHandle$Holder.invokeStatic(java.lang.Object, int, int, int)'> (0x0000000746d38a60) thrown at [src/hotspot/share/interpreter/linkResolver.cpp, line 773]
Event: 0.948 Thread 0x000000013f00b800 Exception <a 'java/lang/NoSuchMethodError'{0x0000000746d41f28}: 'int java.lang.invoke.DirectMethodHandle$Holder.invokeSpecialIFC(java.lang.Object, java.lang.Object, java.lang.Object, int)'> (0x0000000746d41f28) thrown at [src/hotspot/share/interpreter/linkResolver.cpp, line 773]
Event: 0.948 Thread 0x000000013f00b800 Exception <a 'java/lang/NoSuchMethodError'{0x0000000746d48dc0}: 'java.lang.Object java.lang.invoke.Invokers$Holder.linkToTargetMethod(java.lang.Object, java.lang.Object, java.lang.Object)'> (0x0000000746d48dc0) thrown at [src/hotspot/share/interpreter/linkResolver.cpp, line 773]
Event: 0.955 Thread 0x000000013f00b800 Exception <a 'java/lang/NoSuchMethodError'{0x0000000746df7698}: 'java.lang.Object java.lang.invoke.Invokers$Holder.linkToTargetMethod(java.lang.Object, java.lang.Object, java.lang.Object, java.lang.Object)'> (0x0000000746df7698) thrown at [src/hotspot/share/interpreter/linkResolver.cpp, line 773]
Event: 0.956 Thread 0x000000013f00b800 Exception <a 'java/lang/NoSuchMethodError'{0x0000000746c08988}: 'java.lang.Object java.lang.invoke.DirectMethodHandle$Holder.invokeStatic(java.lang.Object, java.lang.Object, java.lang.Object, int)'> (0x0000000746c08988) thrown at [src/hotspot/share/interpreter/linkResolver.cpp, line 773]

Events (20 events):
Event: 4.950 loading class me/jakejmattson/discordkt/internal/command/CommandExecutorKt
Event: 4.950 loading class me/jakejmattson/discordkt/internal/command/CommandExecutorKt done
Event: 4.951 loading class me/jakejmattson/discordkt/internal/command/CommandExecutorKt$convertArguments$1
Event: 4.951 loading class me/jakejmattson/discordkt/internal/command/CommandExecutorKt$convertArguments$1 done
Event: 4.951 loading class me/jakejmattson/discordkt/internal/command/CommandExecutorKt$formatDataMap$1
Event: 4.951 loading class me/jakejmattson/discordkt/internal/command/CommandExecutorKt$formatDataMap$1 done
Event: 4.951 loading class me/jakejmattson/discordkt/api/TypeContainersKt
Event: 4.951 loading class me/jakejmattson/discordkt/api/TypeContainersKt done
Event: 4.952 loading class me/jakejmattson/discordkt/api/NoArgs
Event: 4.952 loading class me/jakejmattson/discordkt/api/NoArgs done
Event: 4.952 loading class me/jakejmattson/discordkt/api/TypeContainer
Event: 4.952 loading class me/jakejmattson/discordkt/api/TypeContainer done
Event: 4.952 loading class me/jakejmattson/discordkt/internal/command/ParseResult$Success
Event: 4.952 loading class me/jakejmattson/discordkt/internal/command/ParseResult$Success done
Event: 4.952 loading class me/jakejmattson/discordkt/internal/command/ParseResult
Event: 4.952 loading class me/jakejmattson/discordkt/internal/command/ParseResult done
Event: 4.952 loading class com/sarahisweird/rubybot/CommandsKt$rubyCommands$1$2$1$1
Event: 4.952 loading class com/sarahisweird/rubybot/CommandsKt$rubyCommands$1$2$1$1 done
Event: 4.953 Thread 0x000000014100a800 Thread added: 0x000000014100a800
Event: 4.953 Protecting memory [0x0000000174334000,0x0000000174340000] with protection modes 0


Dynamic libraries:
0x00000001b380d000 	/System/Library/Frameworks/Cocoa.framework/Versions/A/Cocoa
0x00000001a1726000 	/System/Library/Frameworks/Security.framework/Versions/A/Security
0x00000001b1b79000 	/System/Library/Frameworks/ApplicationServices.framework/Versions/A/ApplicationServices
0x00000001a92e2000 	/usr/lib/libz.1.dylib
0x0000000100228000 	/Applications/IntelliJ IDEA.app/Contents/jbr/Contents/Home/lib/jli/libjli.dylib
0x00000001a9388000 	/usr/lib/libSystem.B.dylib
0x00000001a219c000 	/System/Library/Frameworks/AppKit.framework/Versions/C/AppKit
0x00000001a4fbf000 	/System/Library/Frameworks/CoreData.framework/Versions/A/CoreData
0x00000001a0732000 	/System/Library/Frameworks/Foundation.framework/Versions/C/Foundation
0x00000001a2ede000 	/System/Library/PrivateFrameworks/UIFoundation.framework/Versions/A/UIFoundation
0x00000001ae9ef000 	/System/Library/PrivateFrameworks/RemoteViewServices.framework/Versions/A/RemoteViewServices
0x00000001a7c02000 	/System/Library/PrivateFrameworks/XCTTargetBootstrap.framework/Versions/A/XCTTargetBootstrap
0x00000001aa542000 	/usr/lib/libspindump.dylib
0x00000001a3105000 	/System/Library/Frameworks/UniformTypeIdentifiers.framework/Versions/A/UniformTypeIdentifiers
0x00000001a61ea000 	/usr/lib/libapp_launch_measurement.dylib
0x00000001a61ed000 	/System/Library/PrivateFrameworks/CoreAutoLayout.framework/Versions/A/CoreAutoLayout
0x00000001a757f000 	/System/Library/Frameworks/Metal.framework/Versions/A/Metal
0x00000001a81df000 	/usr/lib/liblangid.dylib
0x00000001a7c06000 	/System/Library/PrivateFrameworks/CoreSVG.framework/Versions/A/CoreSVG
0x00000001a41b8000 	/System/Library/PrivateFrameworks/SkyLight.framework/Versions/A/SkyLight
0x00000001a4526000 	/System/Library/Frameworks/CoreGraphics.framework/Versions/A/CoreGraphics
0x00000001aef0f000 	/System/Library/Frameworks/Accelerate.framework/Versions/A/Accelerate
0x00000001a9f9c000 	/System/Library/PrivateFrameworks/IconServices.framework/Versions/A/IconServices
0x00000001a7563000 	/System/Library/Frameworks/IOSurface.framework/Versions/A/IOSurface
0x00000001a588e000 	/usr/lib/libDiagnosticMessagesClient.dylib
0x00000001a7bea000 	/System/Library/PrivateFrameworks/DFRFoundation.framework/Versions/A/DFRFoundation
0x00000001a1a8d000 	/usr/lib/libicucore.A.dylib
0x00000001aba95000 	/System/Library/Frameworks/AudioToolbox.framework/Versions/A/AudioToolbox
0x00000001aaca8000 	/System/Library/PrivateFrameworks/DataDetectorsCore.framework/Versions/A/DataDetectorsCore
0x00000001a4133000 	/usr/lib/libMobileGestalt.dylib
0x00000001a78df000 	/System/Library/Frameworks/Carbon.framework/Versions/A/Frameworks/HIToolbox.framework/Versions/A/HIToolbox
0x00000001a5c89000 	/System/Library/Frameworks/QuartzCore.framework/Versions/A/QuartzCore
0x00000001aea27000 	/System/Library/Frameworks/Carbon.framework/Versions/A/Frameworks/SpeechRecognition.framework/Versions/A/SpeechRecognition
0x00000001a5f88000 	/System/Library/PrivateFrameworks/CoreUI.framework/Versions/A/CoreUI
0x00000001a110b000 	/System/Library/Frameworks/CoreAudio.framework/Versions/A/CoreAudio
0x00000001a5977000 	/System/Library/Frameworks/DiskArbitration.framework/Versions/A/DiskArbitration
0x00000001aa8f5000 	/System/Library/PrivateFrameworks/MultitouchSupport.framework/Versions/A/MultitouchSupport
0x00000001aac9f000 	/System/Library/PrivateFrameworks/InternationalSupport.framework/Versions/A/InternationalSupport
0x00000001a4131000 	/usr/lib/libenergytrace.dylib
0x00000001a2076000 	/System/Library/Frameworks/IOKit.framework/Versions/A/IOKit
0x00000001aed52000 	/System/Library/Frameworks/CoreServices.framework/Versions/A/CoreServices
0x00000001a6180000 	/System/Library/PrivateFrameworks/PerformanceAnalysis.framework/Versions/A/PerformanceAnalysis
0x00000001e19ab000 	/System/Library/Frameworks/OpenGL.framework/Versions/A/OpenGL
0x00000001aad1d000 	/System/Library/PrivateFrameworks/UserActivity.framework/Versions/A/UserActivity
0x000000019f781000 	/usr/lib/libobjc.A.dylib
0x00000001a4b14000 	/System/Library/Frameworks/ColorSync.framework/Versions/A/ColorSync
0x000000019f96a000 	/System/Library/Frameworks/CoreFoundation.framework/Versions/A/CoreFoundation
0x00000001a7e51000 	/System/Library/Frameworks/CoreImage.framework/Versions/A/CoreImage
0x00000001a0f3b000 	/System/Library/Frameworks/CoreText.framework/Versions/A/CoreText
0x00000001a7c31000 	/System/Library/Frameworks/ImageIO.framework/Versions/A/ImageIO
0x00000001a938e000 	/System/Library/PrivateFrameworks/SoftLinking.framework/Versions/A/SoftLinking
0x00000001a6230000 	/usr/lib/libxml2.2.dylib
0x000000019f840000 	/usr/lib/libc++.1.dylib
0x00000001a960e000 	/usr/lib/libcompression.dylib
0x00000001aabeb000 	/System/Library/PrivateFrameworks/TextureIO.framework/Versions/A/TextureIO
0x00000001a9cf9000 	/usr/lib/libate.dylib
0x00000001a9382000 	/usr/lib/system/libcache.dylib
0x00000001a9341000 	/usr/lib/system/libcommonCrypto.dylib
0x00000001a936b000 	/usr/lib/system/libcompiler_rt.dylib
0x00000001a9362000 	/usr/lib/system/libcopyfile.dylib
0x000000019f69c000 	/usr/lib/system/libcorecrypto.dylib
0x000000019f73c000 	/usr/lib/system/libdispatch.dylib
0x000000019f8f5000 	/usr/lib/system/libdyld.dylib
0x00000001a9378000 	/usr/lib/system/libkeymgr.dylib
0x00000001ac7ab000 	/usr/lib/system/liblaunch.dylib
0x00000001a9323000 	/usr/lib/system/libmacho.dylib
0x00000001a8b95000 	/usr/lib/system/libquarantine.dylib
0x00000001a9375000 	/usr/lib/system/libremovefile.dylib
0x00000001a4186000 	/usr/lib/system/libsystem_asl.dylib
0x000000019f64a000 	/usr/lib/system/libsystem_blocks.dylib
0x000000019f7be000 	/usr/lib/system/libsystem_c.dylib
0x00000001a936f000 	/usr/lib/system/libsystem_collections.dylib
0x00000001a81cf000 	/usr/lib/system/libsystem_configuration.dylib
0x00000001a7551000 	/usr/lib/system/libsystem_containermanager.dylib
0x00000001a90f8000 	/usr/lib/system/libsystem_coreservices.dylib
0x00000001a1cff000 	/usr/lib/system/libsystem_darwin.dylib
0x00000001a9379000 	/usr/lib/system/libsystem_dnssd.dylib
0x000000019f7bb000 	/usr/lib/system/libsystem_featureflags.dylib
0x000000019f93e000 	/usr/lib/system/libsystem_info.dylib
0x00000001a92f4000 	/usr/lib/system/libsystem_m.dylib
0x000000019f710000 	/usr/lib/system/libsystem_malloc.dylib
0x00000001a4121000 	/usr/lib/system/libsystem_networkextension.dylib
0x00000001a2142000 	/usr/lib/system/libsystem_notify.dylib
0x00000001aec5d000 	/usr/lib/system/libsystem_product_info_filter.dylib
0x00000001a81d4000 	/usr/lib/system/libsystem_sandbox.dylib
0x00000001a9372000 	/usr/lib/system/libsystem_secinit.dylib
0x000000019f8b4000 	/usr/lib/system/libsystem_kernel.dylib
0x000000019f937000 	/usr/lib/system/libsystem_platform.dylib
0x000000019f8e8000 	/usr/lib/system/libsystem_pthread.dylib
0x00000001a56f6000 	/usr/lib/system/libsystem_symptoms.dylib
0x000000019f684000 	/usr/lib/system/libsystem_trace.dylib
0x00000001a934f000 	/usr/lib/system/libunwind.dylib
0x000000019f64c000 	/usr/lib/system/libxpc.dylib
0x000000019f89c000 	/usr/lib/libc++abi.dylib
0x00000001a935a000 	/usr/lib/liboah.dylib
0x00000001a9b42000 	/usr/lib/liblzma.5.dylib
0x00000001a0447000 	/System/Library/Frameworks/SystemConfiguration.framework/Versions/A/SystemConfiguration
0x00000001a938a000 	/usr/lib/libfakelink.dylib
0x00000001a3c98000 	/System/Library/Frameworks/CFNetwork.framework/Versions/A/CFNetwork
0x00000001a94d4000 	/usr/lib/libarchive.2.dylib
0x00000001a04cf000 	/usr/lib/libCRFSuite.dylib
0x00000001a8bbf000 	/usr/lib/libbsm.0.dylib
0x00000001a354f000 	/usr/lib/libnetwork.dylib
0x00000001a938f000 	/usr/lib/libpcap.A.dylib
0x00000001a56ee000 	/usr/lib/libdns_services.dylib
0x00000001a9b5b000 	/usr/lib/libcoretls_cfhelpers.dylib
0x00000001a95dd000 	/usr/lib/libapple_nghttp2.dylib
0x00000001a9329000 	/usr/lib/system/libkxld.dylib
0x00000001a537f000 	/usr/lib/libsqlite3.dylib
0x00000001a90db000 	/System/Library/PrivateFrameworks/AppleFSCompression.framework/Versions/A/AppleFSCompression
0x00000001a8ba8000 	/usr/lib/libcoretls.dylib
0x00000001a9609000 	/usr/lib/libpam.2.dylib
0x00000001a9c42000 	/usr/lib/libxar.1.dylib
0x00000001a81db000 	/System/Library/PrivateFrameworks/AppleSystemInfo.framework/Versions/A/AppleSystemInfo
0x00000001a87f8000 	/System/Library/PrivateFrameworks/IOMobileFramebuffer.framework/Versions/A/IOMobileFramebuffer
0x00000001a90eb000 	/usr/lib/libbz2.1.0.dylib
0x00000001a93cb000 	/usr/lib/libiconv.2.dylib
0x00000001a9322000 	/usr/lib/libcharset.1.dylib
0x00000001a61b9000 	/System/Library/Frameworks/CoreServices.framework/Versions/A/Frameworks/FSEvents.framework/Versions/A/FSEvents
0x00000001a1d0a000 	/System/Library/Frameworks/CoreServices.framework/Versions/A/Frameworks/CarbonCore.framework/Versions/A/CarbonCore
0x00000001a58dd000 	/System/Library/Frameworks/CoreServices.framework/Versions/A/Frameworks/Metadata.framework/Versions/A/Metadata
0x00000001a90fd000 	/System/Library/Frameworks/CoreServices.framework/Versions/A/Frameworks/OSServices.framework/Versions/A/OSServices
0x00000001a9545000 	/System/Library/Frameworks/CoreServices.framework/Versions/A/Frameworks/SearchKit.framework/Versions/A/SearchKit
0x00000001a567a000 	/System/Library/Frameworks/CoreServices.framework/Versions/A/Frameworks/AE.framework/Versions/A/AE
0x000000019fe19000 	/System/Library/Frameworks/CoreServices.framework/Versions/A/Frameworks/LaunchServices.framework/Versions/A/LaunchServices
0x00000001a9aef000 	/System/Library/Frameworks/CoreServices.framework/Versions/A/Frameworks/DictionaryServices.framework/Versions/A/DictionaryServices
0x00000001a61c6000 	/System/Library/Frameworks/CoreServices.framework/Versions/A/Frameworks/SharedFileList.framework/Versions/A/SharedFileList
0x00000001a8b98000 	/usr/lib/libCheckFix.dylib
0x00000001a419e000 	/System/Library/PrivateFrameworks/TCC.framework/Versions/A/TCC
0x00000001a81e1000 	/System/Library/PrivateFrameworks/CoreNLP.framework/Versions/A/CoreNLP
0x00000001a5891000 	/System/Library/PrivateFrameworks/MetadataUtilities.framework/Versions/A/MetadataUtilities
0x00000001a0503000 	/usr/lib/libmecabra.dylib
0x00000001a8e7e000 	/System/Library/Frameworks/MLCompute.framework/Versions/A/MLCompute
0x00000001a8bd0000 	/usr/lib/libmecab.dylib
0x00000001a8c16000 	/usr/lib/libgermantok.dylib
0x00000001a95b6000 	/usr/lib/libThaiTokenizer.dylib
0x00000001a9c7e000 	/usr/lib/libChineseTokenizer.dylib
0x00000001a9607000 	/System/Library/Frameworks/MetalPerformanceShaders.framework/Versions/A/MetalPerformanceShaders
0x00000001a597e000 	/System/Library/Frameworks/Accelerate.framework/Versions/A/Frameworks/vImage.framework/Versions/A/vImage
0x00000001aed30000 	/System/Library/Frameworks/Accelerate.framework/Versions/A/Frameworks/vecLib.framework/Versions/A/vecLib
0x00000001a9c89000 	/System/Library/Frameworks/Accelerate.framework/Versions/A/Frameworks/vecLib.framework/Versions/A/libvMisc.dylib
0x00000001a8736000 	/System/Library/Frameworks/Accelerate.framework/Versions/A/Frameworks/vecLib.framework/Versions/A/libvDSP.dylib
0x00000001a012d000 	/System/Library/Frameworks/Accelerate.framework/Versions/A/Frameworks/vecLib.framework/Versions/A/libBLAS.dylib
0x00000001a9632000 	/System/Library/Frameworks/Accelerate.framework/Versions/A/Frameworks/vecLib.framework/Versions/A/libLAPACK.dylib
0x00000001a8c1b000 	/System/Library/Frameworks/Accelerate.framework/Versions/A/Frameworks/vecLib.framework/Versions/A/libLinearAlgebra.dylib
0x00000001a95f4000 	/System/Library/Frameworks/Accelerate.framework/Versions/A/Frameworks/vecLib.framework/Versions/A/libSparseBLAS.dylib
0x00000001a962d000 	/System/Library/Frameworks/Accelerate.framework/Versions/A/Frameworks/vecLib.framework/Versions/A/libQuadrature.dylib
0x00000001a8277000 	/System/Library/Frameworks/Accelerate.framework/Versions/A/Frameworks/vecLib.framework/Versions/A/libBNNS.dylib
0x00000001a03e3000 	/System/Library/Frameworks/Accelerate.framework/Versions/A/Frameworks/vecLib.framework/Versions/A/libSparse.dylib
0x00000001a816a000 	/System/Library/Frameworks/MetalPerformanceShaders.framework/Versions/A/Frameworks/MPSCore.framework/Versions/A/MPSCore
0x00000001a9053000 	/System/Library/Frameworks/MetalPerformanceShaders.framework/Versions/A/Frameworks/MPSImage.framework/Versions/A/MPSImage
0x00000001a8c30000 	/System/Library/Frameworks/MetalPerformanceShaders.framework/Versions/A/Frameworks/MPSNeuralNetwork.framework/Versions/A/MPSNeuralNetwork
0x00000001a8fd1000 	/System/Library/Frameworks/MetalPerformanceShaders.framework/Versions/A/Frameworks/MPSMatrix.framework/Versions/A/MPSMatrix
0x00000001a8e34000 	/System/Library/Frameworks/MetalPerformanceShaders.framework/Versions/A/Frameworks/MPSRayIntersector.framework/Versions/A/MPSRayIntersector
0x00000001a9000000 	/System/Library/Frameworks/MetalPerformanceShaders.framework/Versions/A/Frameworks/MPSNDArray.framework/Versions/A/MPSNDArray
0x00000001a0052000 	/System/Library/PrivateFrameworks/MetalTools.framework/Versions/A/MetalTools
0x00000001a81d9000 	/System/Library/PrivateFrameworks/AggregateDictionary.framework/Versions/A/AggregateDictionary
0x00000001a585b000 	/System/Library/PrivateFrameworks/CoreAnalytics.framework/Versions/A/CoreAnalytics
0x00000001a95b8000 	/System/Library/PrivateFrameworks/AppleSauce.framework/Versions/A/AppleSauce
0x00000001a7575000 	/System/Library/PrivateFrameworks/IOAccelerator.framework/Versions/A/IOAccelerator
0x00000001e199e000 	/System/Library/Frameworks/OpenGL.framework/Versions/A/Libraries/libCoreFSCache.dylib
0x00000001a0abf000 	/System/Library/PrivateFrameworks/LanguageModeling.framework/Versions/A/LanguageModeling
0x00000001a87e5000 	/System/Library/PrivateFrameworks/CoreEmoji.framework/Versions/A/CoreEmoji
0x00000001a826f000 	/System/Library/PrivateFrameworks/LinguisticData.framework/Versions/A/LinguisticData
0x00000001a0398000 	/System/Library/PrivateFrameworks/Lexicon.framework/Versions/A/Lexicon
0x00000001a94c1000 	/usr/lib/libcmph.dylib
0x00000001a6199000 	/System/Library/Frameworks/OpenDirectory.framework/Versions/A/Frameworks/CFOpenDirectory.framework/Versions/A/CFOpenDirectory
0x00000001a618b000 	/System/Library/Frameworks/OpenDirectory.framework/Versions/A/OpenDirectory
0x00000001a9b5d000 	/System/Library/PrivateFrameworks/APFS.framework/Versions/A/APFS
0x00000001a8b01000 	/System/Library/Frameworks/SecurityFoundation.framework/Versions/A/SecurityFoundation
0x00000001a9c50000 	/usr/lib/libutil.dylib
0x00000001a203a000 	/System/Library/PrivateFrameworks/CoreServicesStore.framework/Versions/A/CoreServicesStore
0x00000001a8b8f000 	/System/Library/Frameworks/ServiceManagement.framework/Versions/A/ServiceManagement
0x00000001a9c54000 	/usr/lib/libxslt.1.dylib
0x00000001a8b85000 	/System/Library/PrivateFrameworks/BackgroundTaskManagement.framework/Versions/A/BackgroundTaskManagement
0x00000001aab3a000 	/System/Library/Frameworks/ImageIO.framework/Versions/A/Resources/libRadiance.dylib
0x00000001aab43000 	/System/Library/Frameworks/ImageIO.framework/Versions/A/Resources/libJPEG.dylib
0x00000001aaa92000 	/System/Library/Frameworks/ImageIO.framework/Versions/A/Resources/libPng.dylib
0x00000001aaab9000 	/System/Library/Frameworks/ImageIO.framework/Versions/A/Resources/libTIFF.dylib
0x00000001aab94000 	/System/Library/Frameworks/ImageIO.framework/Versions/A/Resources/libGIF.dylib
0x00000001aa80f000 	/System/Library/Frameworks/ImageIO.framework/Versions/A/Resources/libJP2.dylib
0x00000001a9f66000 	/usr/lib/libexpat.1.dylib
0x00000001aa7cb000 	/System/Library/PrivateFrameworks/AppleJPEG.framework/Versions/A/AppleJPEG
0x00000001a7786000 	/System/Library/PrivateFrameworks/FontServices.framework/libFontParser.dylib
0x00000001a562c000 	/System/Library/PrivateFrameworks/RunningBoardServices.framework/Versions/A/RunningBoardServices
0x00000001b3d44000 	/System/Library/PrivateFrameworks/IOSurfaceAccelerator.framework/Versions/A/IOSurfaceAccelerator
0x00000001aa8f1000 	/System/Library/PrivateFrameworks/WatchdogClient.framework/Versions/A/WatchdogClient
0x00000001a0baf000 	/System/Library/Frameworks/CoreDisplay.framework/Versions/A/CoreDisplay
0x00000001a768e000 	/System/Library/Frameworks/CoreMedia.framework/Versions/A/CoreMedia
0x00000001a631d000 	/System/Library/Frameworks/CoreVideo.framework/Versions/A/CoreVideo
0x00000001aa92e000 	/System/Library/Frameworks/VideoToolbox.framework/Versions/A/VideoToolbox
0x00000001a55a9000 	/System/Library/PrivateFrameworks/BaseBoard.framework/Versions/A/BaseBoard
0x00000001aa0a3000 	/System/Library/PrivateFrameworks/PersistentConnection.framework/Versions/A/PersistentConnection
0x00000001a5368000 	/System/Library/PrivateFrameworks/ProtocolBuffer.framework/Versions/A/ProtocolBuffer
0x00000001a5592000 	/System/Library/PrivateFrameworks/CommonUtilities.framework/Versions/A/CommonUtilities
0x00000001aa790000 	/System/Library/PrivateFrameworks/Bom.framework/Versions/A/Bom
0x00000001aab35000 	/System/Library/PrivateFrameworks/GPUWrangler.framework/Versions/A/GPUWrangler
0x00000001aab16000 	/System/Library/PrivateFrameworks/IOPresentment.framework/Versions/A/IOPresentment
0x00000001aab3d000 	/System/Library/PrivateFrameworks/DSExternalDisplay.framework/Versions/A/DSExternalDisplay
0x00000001aab99000 	/System/Library/PrivateFrameworks/CMCaptureCore.framework/Versions/A/CMCaptureCore
0x00000001aa52b000 	/System/Library/PrivateFrameworks/AppServerSupport.framework/Versions/A/AppServerSupport
0x00000001ac565000 	/System/Library/PrivateFrameworks/perfdata.framework/Versions/A/perfdata
0x00000001a8af1000 	/System/Library/PrivateFrameworks/AssertionServices.framework/Versions/A/AssertionServices
0x00000001a0cd2000 	/System/Library/PrivateFrameworks/AudioToolboxCore.framework/Versions/A/AudioToolboxCore
0x00000001a766e000 	/System/Library/PrivateFrameworks/caulk.framework/Versions/A/caulk
0x00000001bb391000 	/System/Library/PrivateFrameworks/SystemPolicy.framework/Versions/A/SystemPolicy
0x00000001a9d8b000 	/usr/lib/libIOReport.dylib
0x00000001abe01000 	/usr/lib/libSMC.dylib
0x00000001aaa5f000 	/usr/lib/libAudioToolboxUtility.dylib
0x00000001bbd1e000 	/usr/lib/libmis.dylib
0x00000001e1a00000 	/System/Library/Frameworks/OpenGL.framework/Versions/A/Libraries/libGLU.dylib
0x00000001e19be000 	/System/Library/Frameworks/OpenGL.framework/Versions/A/Libraries/libGFXShared.dylib
0x00000001e1ba6000 	/System/Library/Frameworks/OpenGL.framework/Versions/A/Libraries/libGL.dylib
0x00000001e19c7000 	/System/Library/Frameworks/OpenGL.framework/Versions/A/Libraries/libGLImage.dylib
0x00000001e19bb000 	/System/Library/Frameworks/OpenGL.framework/Versions/A/Libraries/libCVMSPluginSupport.dylib
0x00000001e19a5000 	/System/Library/Frameworks/OpenGL.framework/Versions/A/Libraries/libCoreVMClient.dylib
0x00000001b287e000 	/System/Library/PrivateFrameworks/ASEProcessing.framework/Versions/A/ASEProcessing
0x00000001aa0ca000 	/System/Library/PrivateFrameworks/GraphVisualizer.framework/Versions/A/GraphVisualizer
0x00000001aa0d8000 	/System/Library/PrivateFrameworks/FaceCore.framework/Versions/A/FaceCore
0x00000001aa4eb000 	/System/Library/PrivateFrameworks/OTSVG.framework/Versions/A/OTSVG
0x00000001a5f46000 	/System/Library/Frameworks/ApplicationServices.framework/Versions/A/Frameworks/ATS.framework/Versions/A/Resources/libFontRegistry.dylib
0x00000001aa533000 	/System/Library/PrivateFrameworks/FontServices.framework/libhvf.dylib
0x00000001e1d41000 	/System/Library/Frameworks/OpenCL.framework/Versions/A/OpenCL
0x00000001a9f1a000 	/System/Library/PrivateFrameworks/AppleVA.framework/Versions/A/AppleVA
0x00000001abc4d000 	/System/Library/Frameworks/ApplicationServices.framework/Versions/A/Frameworks/ATS.framework/Versions/A/ATS
0x00000001abf60000 	/System/Library/Frameworks/ApplicationServices.framework/Versions/A/Frameworks/ColorSyncLegacy.framework/Versions/A/ColorSyncLegacy
0x00000001a4c0a000 	/System/Library/Frameworks/ApplicationServices.framework/Versions/A/Frameworks/HIServices.framework/Versions/A/HIServices
0x00000001abf3f000 	/System/Library/Frameworks/ApplicationServices.framework/Versions/A/Frameworks/LangAnalysis.framework/Versions/A/LangAnalysis
0x00000001aaba3000 	/System/Library/Frameworks/ApplicationServices.framework/Versions/A/Frameworks/PrintCore.framework/Versions/A/PrintCore
0x00000001abf68000 	/System/Library/Frameworks/ApplicationServices.framework/Versions/A/Frameworks/QD.framework/Versions/A/QD
0x00000001abc39000 	/System/Library/Frameworks/ApplicationServices.framework/Versions/A/Frameworks/SpeechSynthesis.framework/Versions/A/SpeechSynthesis
0x00000001aab64000 	/System/Library/Frameworks/ApplicationServices.framework/Versions/A/Frameworks/ATSUI.framework/Versions/A/ATSUI
0x00000001abee1000 	/usr/lib/libcups.2.dylib
0x00000001abf53000 	/System/Library/PrivateFrameworks/NetAuth.framework/Versions/A/NetAuth
0x00000001ac57f000 	/System/Library/Frameworks/Kerberos.framework/Versions/A/Kerberos
0x00000001ac590000 	/System/Library/Frameworks/GSS.framework/Versions/A/GSS
0x00000001abcbc000 	/usr/lib/libresolv.9.dylib
0x00000001aa549000 	/System/Library/PrivateFrameworks/Heimdal.framework/Versions/A/Heimdal
0x00000001b1e69000 	/System/Library/Frameworks/Kerberos.framework/Versions/A/Libraries/libHeimdalProxy.dylib
0x00000001a56fe000 	/System/Library/Frameworks/Network.framework/Versions/A/Network
0x00000001a9f80000 	/usr/lib/libheimdal-asn1.dylib
0x00000001ac5d8000 	/System/Library/PrivateFrameworks/CommonAuth.framework/Versions/A/CommonAuth
0x00000001a6371000 	/System/Library/PrivateFrameworks/login.framework/Versions/A/Frameworks/loginsupport.framework/Versions/A/loginsupport
0x00000001abbbe000 	/System/Library/PrivateFrameworks/AudioSession.framework/Versions/A/AudioSession
0x00000001abc26000 	/usr/lib/libAudioStatistics.dylib
0x00000001aa000000 	/System/Library/PrivateFrameworks/MediaExperience.framework/Versions/A/MediaExperience
0x00000001aba5f000 	/System/Library/PrivateFrameworks/AudioSession.framework/libSessionUtility.dylib
0x00000001ac571000 	/usr/lib/libperfcheck.dylib
0x00000001abf74000 	/System/Library/PrivateFrameworks/AudioResourceArbitration.framework/Versions/A/AudioResourceArbitration
0x00000001a9f89000 	/System/Library/PrivateFrameworks/IconFoundation.framework/Versions/A/IconFoundation
0x00000001aea17000 	/System/Library/PrivateFrameworks/SpeechRecognitionCore.framework/Versions/A/SpeechRecognitionCore
0x0000000104800000 	/Applications/IntelliJ IDEA.app/Contents/jbr/Contents/Home/lib/server/libjvm.dylib
0x0000000100288000 	/Applications/IntelliJ IDEA.app/Contents/jbr/Contents/Home/lib/libverify.dylib
0x00000001002a0000 	/Applications/IntelliJ IDEA.app/Contents/jbr/Contents/Home/lib/libjava.dylib
0x00000001002d8000 	/Applications/IntelliJ IDEA.app/Contents/jbr/Contents/Home/lib/libjimage.dylib
0x00000001002f4000 	/Applications/IntelliJ IDEA.app/Contents/jbr/Contents/Home/lib/libinstrument.dylib
0x0000000100354000 	/Applications/IntelliJ IDEA.app/Contents/jbr/Contents/Home/lib/libzip.dylib
0x00000001006e8000 	/Applications/IntelliJ IDEA.app/Contents/jbr/Contents/Home/lib/libnio.dylib
0x0000000100708000 	/Applications/IntelliJ IDEA.app/Contents/jbr/Contents/Home/lib/libnet.dylib
0x00000001004e0000 	/Applications/IntelliJ IDEA.app/Contents/jbr/Contents/Home/lib/libextnet.dylib
0x000000010072c000 	/Applications/IntelliJ IDEA.app/Contents/jbr/Contents/Home/lib/libsunec.dylib
0x000000010075c000 	/Users/sarah/IdeaProjects/RubyBot/libJNIKeyPress.dylib
0x00000001a1ffe000 	/System/Library/PrivateFrameworks/CoreServicesInternal.framework/Versions/A/CoreServicesInternal


VM Arguments:
jvm_args: -Djava.library.path=. -javaagent:/Applications/IntelliJ IDEA.app/Contents/lib/idea_rt.jar=56691:/Applications/IntelliJ IDEA.app/Contents/bin -Dfile.encoding=UTF-8 
java_command: com.sarahisweird.rubybot.MainKt
java_class_path (initial): /Users/sarah/IdeaProjects/RubyBot/build/classes/kotlin/main:/Users/sarah/.gradle/caches/modules-2/files-2.1/me.jakejmattson/DiscordKt/0.22.0/96475178e343def9cb19842073f268ee99f99a62/DiscordKt-0.22.0.jar:/Users/sarah/.gradle/caches/modules-2/files-2.1/org.jetbrains.kotlin/kotlin-stdlib-jdk8/1.5.30/5fd47535cc85f9e24996f939c2de6583991481b0/kotlin-stdlib-jdk8-1.5.30.jar:/Users/sarah/.gradle/caches/modules-2/files-2.1/com.sksamuel.scrimage/scrimage-core/4.0.22/234a725a482df69fd12d7d4530d3c91c007ae666/scrimage-core-4.0.22.jar:/Users/sarah/.gradle/caches/modules-2/files-2.1/dev.kord/kord-core/0.7.4/74cbfdd960a8fa1b25b3ae34b4a8fcf4a256e916/kord-core-0.7.4.jar:/Users/sarah/.gradle/caches/modules-2/files-2.1/dev.kord.x/emoji/0.5.0/e321386c2faa476c81f4ba469505a02a8ae9b6a5/emoji-0.5.0.jar:/Users/sarah/.gradle/caches/modules-2/files-2.1/org.slf4j/slf4j-simple/2.0.0-alpha2/3aaf08e40e3904e1ae8e715d269fc31c29fb6ddc/slf4j-simple-2.0.0-alpha2.jar:/Users/sarah/.gradle/caches/modules-2/files-2.1/org.jetbrains.kotlin/kotlin-stdlib-jdk7/1.5.30/525f5a7fa6d7790a571c07dd24214ed2dda352fe/kotlin-stdlib-jdk7-1.5.30.jar:/Users/sarah/.gradle/caches/modules-2/files-2.1/org.jetbrains.kotlin/kotlin-stdlib/1.5.30/d68efdea04955974ac1020f8f66ef8176bfbce1f/kotlin-stdlib-1.5.30.jar:/Users/sarah/.gradle/caches/modules-2/files-2.1/dev.kord/kord-rest/0.7.4/3c2974c4580396872a47c24226c3d7b7f5caa801/kord-rest-0.7.4.jar:/Users/sarah/.gradle/caches/modules-2/files-2.1/dev.kord/kord-gateway/0.7.4/4dc622370e7e7ec3ee78f1200d791d4756920d8/kord-gateway-0.7.4.jar:/Users/sarah/.gradle/caches/modules-2/files-2.1/dev.kord/kord-common/0.7.4/40050b82d04a51cb0617fef55b60dd1f92270f34/kord-common-0.7.4.jar:/Users/sarah/.gradle/caches/modules-2/files-2.1/dev.kord.cache/cache-map/0.3.0/80a7eb20060d7a58a201f430edaf77521fd315af/cache-map-0.3.0.jar:/Users/sarah/.gradle/caches/modules-2/files-2.1/dev.kord.cache/cache-api/0.3.0/6c1db85da8d6ab979785189928fc57a35d8b2d05/cache-api-0.3.0.jar:/Users/sarah/.g
Launcher Type: SUN_STANDARD

[Global flags]
     intx CICompilerCount                          = 4                                         {product} {ergonomic}
     uint ConcGCThreads                            = 2                                         {product} {ergonomic}
     uint G1ConcRefinementThreads                  = 8                                         {product} {ergonomic}
   size_t G1HeapRegionSize                         = 1048576                                   {product} {ergonomic}
    uintx GCDrainStackTargetSize                   = 64                                        {product} {ergonomic}
   size_t InitialHeapSize                          = 134217728                                 {product} {ergonomic}
   size_t MarkStackSize                            = 4194304                                   {product} {ergonomic}
   size_t MaxHeapSize                              = 2147483648                                {product} {ergonomic}
   size_t MaxNewSize                               = 1287651328                                {product} {ergonomic}
   size_t MinHeapDeltaBytes                        = 1048576                                   {product} {ergonomic}
    uintx NonNMethodCodeHeapSize                   = 5836492                                {pd product} {ergonomic}
    uintx NonProfiledCodeHeapSize                  = 122910874                              {pd product} {ergonomic}
    uintx ProfiledCodeHeapSize                     = 122910874                              {pd product} {ergonomic}
    uintx ReservedCodeCacheSize                    = 251658240                              {pd product} {ergonomic}
     bool SegmentedCodeCache                       = true                                      {product} {ergonomic}
     bool UseCompressedClassPointers               = true                                 {lp64_product} {ergonomic}
     bool UseCompressedOops                        = true                                 {lp64_product} {ergonomic}
     bool UseG1GC                                  = true                                      {product} {ergonomic}

Logging:
Log output configuration:
 #0: stdout all=warning uptime,level,tags
 #1: stderr all=off uptime,level,tags

Environment Variables:
PATH=/Library/Frameworks/Python.framework/Versions/3.9/bin:/opt/homebrew/bin:/opt/homebrew/sbin:/usr/local/bin:/usr/bin:/bin:/usr/sbin:/sbin:/usr/local/go/bin:/Library/Apple/usr/bin:/Users/sarah/.cargo/bin
SHELL=/bin/zsh
LC_CTYPE=en_DE.UTF-8

Signal Handlers:
SIGSEGV: [libjvm.dylib+0x6af238], sa_mask[0]=11111111011111110111111111111111, sa_flags=SA_ONSTACK|SA_RESTART|SA_SIGINFO
SIGBUS: [libjvm.dylib+0x6af238], sa_mask[0]=11111111011111110111111111111111, sa_flags=SA_RESTART|SA_SIGINFO
SIGFPE: [libjvm.dylib+0x6af238], sa_mask[0]=11111111011111110111111111111111, sa_flags=SA_RESTART|SA_SIGINFO
SIGPIPE: [libjvm.dylib+0x56bd08], sa_mask[0]=11111111011111110111111111111111, sa_flags=SA_RESTART|SA_SIGINFO
SIGXFSZ: [libjvm.dylib+0x56bd08], sa_mask[0]=11111111011111110111111111111111, sa_flags=SA_RESTART|SA_SIGINFO
SIGILL: [libjvm.dylib+0x6af238], sa_mask[0]=11111111011111110111111111111111, sa_flags=SA_RESTART|SA_SIGINFO
SIGUSR2: [libjvm.dylib+0x56c308], sa_mask[0]=00100000000000000000000000000000, sa_flags=SA_RESTART|SA_SIGINFO
SIGHUP: [libjvm.dylib+0x56aa7c], sa_mask[0]=11111111011111110111111111111111, sa_flags=SA_RESTART|SA_SIGINFO
SIGINT: [libjvm.dylib+0x56aa7c], sa_mask[0]=11111111011111110111111111111111, sa_flags=SA_RESTART|SA_SIGINFO
SIGTERM: [libjvm.dylib+0x56aa7c], sa_mask[0]=11111111011111110111111111111111, sa_flags=SA_RESTART|SA_SIGINFO
SIGQUIT: [libjvm.dylib+0x56aa7c], sa_mask[0]=11111111011111110111111111111111, sa_flags=SA_RESTART|SA_SIGINFO


---------------  S Y S T E M  ---------------

OS:uname:Darwin 20.6.0 Darwin Kernel Version 20.6.0: Wed Jun 23 00:26:27 PDT 2021; root:xnu-7195.141.2~5/RELEASE_ARM64_T8101 arm64
OS uptime: 7 days 0:34 hours
rlimit (soft/hard): STACK 8176k/65520k , CORE 0k/infinity , NPROC 1333/2000 , NOFILE 10240/infinity , AS infinity/infinity , CPU infinity/infinity , DATA infinity/infinity , FSIZE infinity/infinity , MEMLOCK infinity/infinity , RSS infinity/infinity
load average:1.73 2.33 2.42

CPU:total 8 (initial active 8) 0x61:0x0:0x1b588bb3:0, simd, crc, lse

Memory: 16k page, physical 8388608k(146048k free), swap 2097152k(699648k free)

vm_info: OpenJDK 64-Bit Server VM (11.0.11+9-b1504.13) for bsd-aarch64 JRE (11.0.11+9-b1504.13), built on Jul 18 2021 01:43:25 by "builduser" with gcc Apple LLVM 12.0.0 (clang-1200.0.32.27)

END.
